<?xml version="1.0" encoding="UTF-8"?>
<!-- Generated by org.testng.reporters.JUnitReportReporter -->
<testsuite hostname="DESKTOP-7KBD9CU" failures="0" tests="1" name="testNgPackage.Demo" time="0.022" errors="0" timestamp="2023-07-17T14:03:21 IST" skipped="0">
  <testcase classname="testNgPackage.Demo" name="demoMethod" time="0.022">
    <system-out>
      <![CDATA[Hii TestNG!!]]>
    </system-out>
  </testcase> <!-- demoMethod -->
  <system-out>
    <![CDATA[Hii TestNG!!
Heyy Java!!
Where is Selenium!!]]>
  </system-out>
</testsuite> <!-- testNgPackage.Demo -->
