<?xml version="1.0" encoding="UTF-8"?>
<!-- Generated by org.testng.reporters.JUnitReportReporter -->
<testsuite hostname="DESKTOP-7KBD9CU" failures="0" tests="2" name="testNGAnnotation_Flag.Flag2" time="0.044" errors="0" timestamp="2023-07-20T15:32:11 IST" skipped="0">
  <testcase classname="testNGAnnotation_Flag.Flag2" name="method1" time="0.036">
    <system-out>
      <![CDATA[Method1 from flag2]]>
    </system-out>
  </testcase> <!-- method1 -->
  <testcase classname="testNGAnnotation_Flag.Flag2" name="method2" time="0.008">
    <system-out>
      <![CDATA[Method2 from flag2]]>
    </system-out>
  </testcase> <!-- method2 -->
  <system-out>
    <![CDATA[Method1 from flag2
Method2 from flag2]]>
  </system-out>
</testsuite> <!-- testNGAnnotation_Flag.Flag2 -->
