<?xml version="1.0" encoding="UTF-8"?>
<!-- Generated by org.testng.reporters.JUnitReportReporter -->
<testsuite hostname="DESKTOP-7KBD9CU" failures="0" tests="1" name="testNgPackage.Sumo" time="11.038" errors="0" timestamp="2023-07-17T15:38:27 IST" skipped="0">
  <testcase classname="testNgPackage.Sumo" name="Method3" time="11.038">
    <system-out>
      <![CDATA[This is Sumo TestNG class!!
This is Sumo TestNG class!!]]>
    </system-out>
  </testcase> <!-- Method3 -->
  <system-out>
    <![CDATA[This is Demo TestNG class!!
This is Demo TestNG class!!
This is Remo TestNG class!!
This is Remo TestNG class!!
This is Sumo TestNG class!!
This is Sumo TestNG class!!]]>
  </system-out>
</testsuite> <!-- testNgPackage.Sumo -->
