<?xml version="1.0" encoding="UTF-8"?>
<!-- Generated by org.testng.reporters.JUnitReportReporter -->
<testsuite hostname="DESKTOP-7KBD9CU" failures="0" tests="3" name="TestNGPackage2.Demo2" time="0.027" errors="0" timestamp="2023-07-19T18:02:35 IST" skipped="0">
  <testcase classname="TestNGPackage2.Demo2" name="e" time="0.019">
    <system-out>
      <![CDATA[e method From DemoTest2]]>
    </system-out>
  </testcase> <!-- e -->
  <testcase classname="TestNGPackage2.Demo2" name="f1" time="0.003">
    <system-out>
      <![CDATA[f1 method From DemoTest2]]>
    </system-out>
  </testcase> <!-- f1 -->
  <testcase classname="TestNGPackage2.Demo2" name="f" time="0.005">
    <system-out>
      <![CDATA[f method From DemoTest2]]>
    </system-out>
  </testcase> <!-- f -->
  <system-out>
    <![CDATA[e method From DemoTest2
f method From DemoTest2
f1 method From DemoTest2]]>
  </system-out>
</testsuite> <!-- TestNGPackage2.Demo2 -->
