<?xml version="1.0" encoding="UTF-8"?>
<!-- Generated by org.testng.reporters.JUnitReportReporter -->
<testsuite hostname="DESKTOP-7KBD9CU" failures="0" tests="1" name="TestNGPackage2.Test1" time="36.744" errors="0" timestamp="2023-07-19T18:05:44 IST" skipped="0">
  <testcase classname="TestNGPackage2.Test1" name="test1Method" time="36.744"/>
</testsuite> <!-- TestNGPackage2.Test1 -->
