<?xml version="1.0" encoding="UTF-8"?>
<!-- Generated by org.testng.reporters.JUnitReportReporter -->
<testsuite hostname="DESKTOP-7KBD9CU" failures="0" tests="8" name="testNGAnnotation_Flag.Flag4" time="0.133" errors="0" timestamp="2023-07-22T20:37:45 IST" skipped="0">
  <testcase classname="testNGAnnotation_Flag.Flag4" name="p" time="0.090">
    <system-out>
      <![CDATA[p method]]>
    </system-out>
  </testcase> <!-- p -->
  <testcase classname="testNGAnnotation_Flag.Flag4" name="z" time="0.003">
    <system-out>
      <![CDATA[z method]]>
    </system-out>
  </testcase> <!-- z -->
  <testcase classname="testNGAnnotation_Flag.Flag4" name="m" time="0.004">
    <system-out>
      <![CDATA[m method]]>
    </system-out>
  </testcase> <!-- m -->
  <testcase classname="testNGAnnotation_Flag.Flag4" name="f" time="0.021">
    <system-out>
      <![CDATA[f method]]>
    </system-out>
  </testcase> <!-- f -->
  <testcase classname="testNGAnnotation_Flag.Flag4" name="a" time="0.004">
    <system-out>
      <![CDATA[a method]]>
    </system-out>
  </testcase> <!-- a -->
  <testcase classname="testNGAnnotation_Flag.Flag4" name="g" time="0.006">
    <system-out>
      <![CDATA[g method]]>
    </system-out>
  </testcase> <!-- g -->
  <testcase classname="testNGAnnotation_Flag.Flag4" name="k" time="0.003">
    <system-out>
      <![CDATA[k method]]>
    </system-out>
  </testcase> <!-- k -->
  <testcase classname="testNGAnnotation_Flag.Flag4" name="e" time="0.002">
    <system-out>
      <![CDATA[e method]]>
    </system-out>
  </testcase> <!-- e -->
  <system-out>
    <![CDATA[p method
a method
f method
g method
m method
z method
e method
k method]]>
  </system-out>
</testsuite> <!-- testNGAnnotation_Flag.Flag4 -->
