<?xml version="1.0" encoding="UTF-8"?>
<!-- Generated by org.testng.reporters.JUnitReportReporter -->
<testsuite hostname="DESKTOP-7KBD9CU" failures="0" tests="1" name="testNgPackage.Remo" time="9.818" errors="0" timestamp="2023-07-17T15:38:27 IST" skipped="0">
  <testcase classname="testNgPackage.Remo" name="Method2" time="9.818">
    <system-out>
      <![CDATA[This is Remo TestNG class!!
This is Remo TestNG class!!]]>
    </system-out>
  </testcase> <!-- Method2 -->
  <system-out>
    <![CDATA[This is Demo TestNG class!!
This is Demo TestNG class!!
This is Remo TestNG class!!
This is Remo TestNG class!!
This is Sumo TestNG class!!
This is Sumo TestNG class!!]]>
  </system-out>
</testsuite> <!-- testNgPackage.Remo -->
