<?xml version="1.0" encoding="UTF-8"?>
<!-- Generated by org.testng.reporters.JUnitReportReporter -->
<testsuite hostname="DESKTOP-7KBD9CU" failures="0" tests="1" name="testNgPackage.Remo" time="0.004" errors="0" timestamp="2023-07-17T14:03:21 IST" skipped="0">
  <testcase classname="testNgPackage.Remo" name="remoMethod" time="0.004">
    <system-out>
      <![CDATA[Heyy Java!!]]>
    </system-out>
  </testcase> <!-- remoMethod -->
  <system-out>
    <![CDATA[Hii TestNG!!
Heyy Java!!
Where is Selenium!!]]>
  </system-out>
</testsuite> <!-- testNgPackage.Remo -->
