<?xml version="1.0" encoding="UTF-8"?>
<!-- Generated by org.testng.reporters.JUnitReportReporter -->
<testsuite hostname="DESKTOP-7KBD9CU" failures="0" tests="3" name="TestNGPackage2.Demo3" time="0.020" errors="0" timestamp="2023-07-19T18:03:43 IST" skipped="0">
  <testcase classname="TestNGPackage2.Demo3" name="g" time="0.013">
    <system-out>
      <![CDATA[g method From DemoTest3]]>
    </system-out>
  </testcase> <!-- g -->
  <testcase classname="TestNGPackage2.Demo3" name="i" time="0.003">
    <system-out>
      <![CDATA[i method from DemoTest3]]>
    </system-out>
  </testcase> <!-- i -->
  <testcase classname="TestNGPackage2.Demo3" name="h" time="0.004">
    <system-out>
      <![CDATA[h method from DemoTest3]]>
    </system-out>
  </testcase> <!-- h -->
  <system-out>
    <![CDATA[g method From DemoTest3
h method from DemoTest3
i method from DemoTest3]]>
  </system-out>
</testsuite> <!-- TestNGPackage2.Demo3 -->
