<?xml version="1.0" encoding="UTF-8"?>
<!-- Generated by org.testng.reporters.JUnitReportReporter -->
<testsuite hostname="DESKTOP-7KBD9CU" failures="0" tests="1" name="testNgExecution.Test1" time="35.686" errors="0" timestamp="2023-07-17T15:33:39 IST" skipped="0">
  <testcase classname="testNgExecution.Test1" name="Test1Method1" time="35.686">
    <system-out>
      <![CDATA[This is Test1 TestNG class!!]]>
    </system-out>
  </testcase> <!-- Test1Method1 -->
  <system-out>
    <![CDATA[This is Test1 TestNG class!!
This is Test2 TestNG class!!
This is Test3 TestNG class!!]]>
  </system-out>
</testsuite> <!-- testNgExecution.Test1 -->
