<?xml version="1.0" encoding="UTF-8"?>
<!-- Generated by org.testng.reporters.JUnitReportReporter -->
<testsuite hostname="DESKTOP-7KBD9CU" failures="0" tests="3" name="testNGAnnotation_Flag.Flag1" time="0.050" errors="0" timestamp="2023-07-20T15:16:13 IST" skipped="0">
  <testcase classname="testNGAnnotation_Flag.Flag1" name="method3" time="0.006">
    <system-out>
      <![CDATA[Method3 from flag3!!]]>
    </system-out>
  </testcase> <!-- method3 -->
  <testcase classname="testNGAnnotation_Flag.Flag1" name="method2" time="0.009">
    <system-out>
      <![CDATA[Method2 from flag2!!]]>
    </system-out>
  </testcase> <!-- method2 -->
  <testcase classname="testNGAnnotation_Flag.Flag1" name="method1" time="0.035">
    <system-out>
      <![CDATA[Method1 from flag1!!]]>
    </system-out>
  </testcase> <!-- method1 -->
  <system-out>
    <![CDATA[Method1 from flag1!!
Method2 from flag2!!
Method3 from flag3!!]]>
  </system-out>
</testsuite> <!-- testNGAnnotation_Flag.Flag1 -->
