<?xml version="1.0" encoding="UTF-8"?>
<!-- Generated by org.testng.reporters.JUnitReportReporter -->
<testsuite hostname="DESKTOP-7KBD9CU" failures="0" tests="1" name="testNGAnnotation_Flag.GoogleSearchTestCase" time="12.836" errors="0" timestamp="2023-07-20T14:46:52 IST" skipped="0">
  <testcase classname="testNGAnnotation_Flag.GoogleSearchTestCase" name="search1" time="12.836"/>
</testsuite> <!-- testNGAnnotation_Flag.GoogleSearchTestCase -->
