<?xml version="1.0" encoding="UTF-8"?>
<!-- Generated by org.testng.reporters.JUnitReportReporter -->
<testsuite hostname="DESKTOP-7KBD9CU" failures="0" tests="3" name="TestNGPackage2.Demo1" time="0.030" errors="0" timestamp="2023-07-19T17:59:58 IST" skipped="0">
  <testcase classname="TestNGPackage2.Demo1" name="b" time="0.003">
    <system-out>
      <![CDATA[b method From DemoTest1]]>
    </system-out>
  </testcase> <!-- b -->
  <testcase classname="TestNGPackage2.Demo1" name="a" time="0.024">
    <system-out>
      <![CDATA[a method From DemoTest1]]>
    </system-out>
  </testcase> <!-- a -->
  <testcase classname="TestNGPackage2.Demo1" name="c" time="0.003">
    <system-out>
      <![CDATA[c method from DemoTest1]]>
    </system-out>
  </testcase> <!-- c -->
  <system-out>
    <![CDATA[a method From DemoTest1
b method From DemoTest1
c method from DemoTest1]]>
  </system-out>
</testsuite> <!-- TestNGPackage2.Demo1 -->
