<?xml version="1.0" encoding="UTF-8"?>
<!-- Generated by org.testng.reporters.JUnitReportReporter -->
<testsuite hostname="DESKTOP-7KBD9CU" failures="0" tests="1" name="TestNGPackage2.Test3" time="36.191" errors="0" timestamp="2023-07-19T18:10:24 IST" skipped="0">
  <testcase classname="TestNGPackage2.Test3" name="test3Method" time="36.191"/>
</testsuite> <!-- TestNGPackage2.Test3 -->
