<?xml version="1.0" encoding="UTF-8"?>
<!-- Generated by org.testng.reporters.JUnitReportReporter -->
<testsuite hostname="DESKTOP-7KBD9CU" failures="0" tests="1" name="testNgExecution.Test3" time="19.749" errors="0" timestamp="2023-07-17T15:39:33 IST" skipped="0">
  <testcase classname="testNgExecution.Test3" name="Test3Method1" time="19.749">
    <system-out>
      <![CDATA[This is Test3 TestNG class!!]]>
    </system-out>
  </testcase> <!-- Test3Method1 -->
  <system-out>
    <![CDATA[This is Test3 TestNG class!!]]>
  </system-out>
</testsuite> <!-- testNgExecution.Test3 -->
