<?xml version="1.0" encoding="UTF-8"?>
<!-- Generated by org.testng.reporters.JUnitReportReporter -->
<testsuite hostname="DESKTOP-7KBD9CU" failures="0" tests="1" name="testNgPackage.Demo" time="12.953" errors="0" timestamp="2023-07-17T15:38:27 IST" skipped="0">
  <testcase classname="testNgPackage.Demo" name="Method1" time="12.953">
    <system-out>
      <![CDATA[This is Demo TestNG class!!
This is Demo TestNG class!!]]>
    </system-out>
  </testcase> <!-- Method1 -->
  <system-out>
    <![CDATA[This is Demo TestNG class!!
This is Demo TestNG class!!
This is Remo TestNG class!!
This is Remo TestNG class!!
This is Sumo TestNG class!!
This is Sumo TestNG class!!]]>
  </system-out>
</testsuite> <!-- testNgPackage.Demo -->
